This is pdfTeX, Version 3.14159265-2.6-1.40.16 (TeX Live 2015/Debian) (preloaded format=pdflatex 2018.1.24)  17 APR 2018 11:47
entering extended mode
 restricted \write18 enabled.
 %&-line parsing enabled.
**/home/hpnotiqz/Twitter-SA-Report/Mall/kauclear.sty
(/home/hpnotiqz/Twitter-SA-Report/Mall/kauclear.sty
LaTeX2e <2016/02/01>
Babel <3.9q> and hyphenation patterns for 81 language(s) loaded.

LaTeX Warning: You have requested package `',
               but the package provides `kauclear'.

Package: kauclear 2014/10/22 v1.15 Karlstad University kautools bundle

! LaTeX Error: Missing \begin{document}.

See the LaTeX manual or LaTeX Companion for explanation.
Type  H <return>  for immediate help.
 ...                                              
                                                  
l.35 \newcommand\kuc@c
                      urrentpagestyle{plain} 
Here is how much of TeX's memory you used:
 12 strings out of 493029
 406 string characters out of 6136234
 53067 words of memory out of 5000000
 3645 multiletter control sequences out of 15000+600000
 3640 words of font info for 14 fonts, out of 8000000 for 9000
 1141 hyphenation exceptions out of 8191
 7i,0n,8p,122b,14s stack positions out of 5000i,500n,10000p,200000b,80000s

!  ==> Fatal error occurred, no output PDF file produced!
