This is pdfTeX, Version 3.14159265-2.6-1.40.16 (TeX Live 2015/Debian) (preloaded format=pdflatex 2017.8.28)  22 JAN 2018 14:55
entering extended mode
 restricted \write18 enabled.
 %&-line parsing enabled.
**kaumeetingtemplate.tex
(./kaumeetingtemplate.tex
LaTeX2e <2016/02/01>
Babel <3.9q> and hyphenation patterns for 5 language(s) loaded.
(/home/hpnotiqz/texmf/tex/latex/kau/kaumeeting.cls
Document Class: kaumeeting 2013/09/11 v1.11 Karlstad University protocol bundle

(/usr/share/texlive/texmf-dist/tex/latex/base/article.cls
Document Class: article 2014/09/29 v1.4h Standard LaTeX document class
(/usr/share/texlive/texmf-dist/tex/latex/base/size10.clo
File: size10.clo 2014/09/29 v1.4h Standard LaTeX file (size option)
)
\c@part=\count79
\c@section=\count80
\c@subsection=\count81
\c@subsubsection=\count82
\c@paragraph=\count83
\c@subparagraph=\count84
\c@figure=\count85
\c@table=\count86
\abovecaptionskip=\skip41
\belowcaptionskip=\skip42
\bibindent=\dimen102
)
(/home/hpnotiqz/texmf/tex/latex/kau/kauhead.sty
Package: kauhead 2013/09/11 v1.11 Karlstad University protocol bundle


! LaTeX Error: File `mathdesign.sty' not found.

Type X to quit or <RETURN> to proceed,
or enter new name. (Default extension: sty)

Enter file name: 
! Emergency stop.
<read *> 
         
l.36 \RequirePackage
                    [paper=a4,pagesize]{typearea}^^M
*** (cannot \read from terminal in nonstop modes)

 
Here is how much of TeX's memory you used:
 214 strings out of 494910
 2550 string characters out of 6179836
 49721 words of memory out of 5000000
 3589 multiletter control sequences out of 15000+600000
 3640 words of font info for 14 fonts, out of 8000000 for 9000
 36 hyphenation exceptions out of 8191
 29i,0n,19p,161b,36s stack positions out of 5000i,500n,10000p,200000b,80000s
!  ==> Fatal error occurred, no output PDF file produced!
